<?xml version="1.0" encoding="UTF-8"?>
<!-- Generated by org.testng.reporters.JUnitReportReporter -->
<testsuite hostname="DESKTOP-1UCDMIU" failures="0" tests="1" name="hw15_selenium_methods.IsEnabledMethods01" time="0.054" errors="0" timestamp="2022-07-06T03:03:31 EDT" skipped="0">
  <testcase classname="hw15_selenium_methods.IsEnabledMethods01" name="titleOfThePagetest" time="0.054"/>
  <system-out/>
</testsuite> <!-- hw15_selenium_methods.IsEnabledMethods01 -->
