<?xml version="1.0" encoding="UTF-8"?>
<!-- Generated by org.testng.reporters.JUnitReportReporter -->
<testsuite hostname="DESKTOP-1UCDMIU" failures="0" tests="1" name="lec27_java_selenium_methods.D08_dropdown_selectByVisibleText_method" time="3.765" errors="0" timestamp="2022-07-15T00:24:10 EDT" skipped="0">
  <testcase classname="lec27_java_selenium_methods.D08_dropdown_selectByVisibleText_method" name="selectByIndexTest" time="3.765"/>
  <system-out/>
</testsuite> <!-- lec27_java_selenium_methods.D08_dropdown_selectByVisibleText_method -->
