<?xml version="1.0" encoding="UTF-8"?>
<!-- Generated by org.testng.reporters.JUnitReportReporter -->
<testsuite hostname="DESKTOP-1UCDMIU" failures="0" tests="2" name="hw14_selenium_methods.ClickMethodsForClassLinkText" time="9.207" errors="0" timestamp="2022-06-30T02:58:56 EDT" skipped="0">
  <testcase classname="hw14_selenium_methods.ClickMethodsForClassLinkText" name="onlyCheckThisboxtest" time="5.120"/>
  <system-out/>
  <testcase classname="hw14_selenium_methods.ClickMethodsForClassLinkText" name="forgetPwTest01" time="4.087"/>
  <system-out/>
</testsuite> <!-- hw14_selenium_methods.ClickMethodsForClassLinkText -->
