<?xml version="1.0" encoding="UTF-8"?>
<!-- Generated by org.testng.reporters.JUnitReportReporter -->
<testsuite hostname="DESKTOP-1UCDMIU" failures="0" tests="1" name="hw16_selenium_methods.SetSizeMethods" time="8.686" errors="0" timestamp="2022-07-12T15:00:48 EDT" skipped="0">
  <testcase classname="hw16_selenium_methods.SetSizeMethods" name="SetSizeOfWindowTest" time="8.686"/>
  <system-out/>
</testsuite> <!-- hw16_selenium_methods.SetSizeMethods -->
