<?xml version="1.0" encoding="UTF-8"?>
<!-- Generated by org.testng.reporters.JUnitReportReporter -->
<testsuite hostname="DESKTOP-1UCDMIU" failures="0" tests="5" name="lec38_java_selenium_methods.E04_use_of_explicitly_wait" time="9.610" errors="0" timestamp="2022-08-27T18:57:26 EDT" skipped="3">
  <testcase classname="lec38_java_selenium_methods.E04_use_of_explicitly_wait" name="requestAnAppointmentTest01" time="6.243"/>
  <system-out/>
  <testcase classname="lec38_java_selenium_methods.E04_use_of_explicitly_wait" name="requestAnAppointmentTest03" time="3.367"/>
  <system-out/>
  <testcase classname="lec38_java_selenium_methods.E04_use_of_explicitly_wait" name="requestAnAppointmentTest04">
    <skipped/>
  </testcase> <!-- requestAnAppointmentTest04 -->
  <system-out/>
  <testcase classname="lec38_java_selenium_methods.E04_use_of_explicitly_wait" name="requestAnAppointmentTest02">
    <skipped/>
  </testcase> <!-- requestAnAppointmentTest02 -->
  <system-out/>
  <testcase classname="lec38_java_selenium_methods.E04_use_of_explicitly_wait" name="requestAnAppointmentTest05">
    <skipped/>
  </testcase> <!-- requestAnAppointmentTest05 -->
  <system-out/>
</testsuite> <!-- lec38_java_selenium_methods.E04_use_of_explicitly_wait -->
