<?xml version="1.0" encoding="UTF-8"?>
<!-- Generated by org.testng.reporters.JUnitReportReporter -->
<testsuite hostname="DESKTOP-1UCDMIU" failures="0" tests="1" name="lec23_java_selenium_methods.C13_use_of_navigate_method" time="18.616" errors="0" timestamp="2022-07-12T14:14:44 EDT" skipped="0">
  <testcase classname="lec23_java_selenium_methods.C13_use_of_navigate_method" name="navigationTest" time="18.616"/>
  <system-out/>
</testsuite> <!-- lec23_java_selenium_methods.C13_use_of_navigate_method -->
