<?xml version="1.0" encoding="UTF-8"?>
<!-- Generated by org.testng.reporters.JUnitReportReporter -->
<testsuite hostname="DESKTOP-1UCDMIU" failures="0" tests="1" name="seleniumMethods.PracticeSelenium" time="5.055" errors="0" timestamp="2022-07-06T01:48:41 EDT" skipped="0">
  <testcase classname="seleniumMethods.PracticeSelenium" name="logoTest" time="5.055"/>
  <system-out/>
</testsuite> <!-- seleniumMethods.PracticeSelenium -->
