<?xml version="1.0" encoding="UTF-8"?>
<!-- Generated by org.testng.reporters.JUnitReportReporter -->
<testsuite hostname="DESKTOP-1UCDMIU" failures="0" tests="1" name="hw16_selenium_methods.ImplicityWaitMethods" time="6.121" errors="0" timestamp="2022-07-12T15:09:08 EDT" skipped="0">
  <testcase classname="hw16_selenium_methods.ImplicityWaitMethods" name="implicityWaitForWindow" time="6.121"/>
  <system-out/>
</testsuite> <!-- hw16_selenium_methods.ImplicityWaitMethods -->
