<?xml version="1.0" encoding="UTF-8"?>
<!-- Generated by org.testng.reporters.JUnitReportReporter -->
<testsuite hostname="DESKTOP-1UCDMIU" failures="0" tests="1" name="hw15_selenium_methods.ClearMethod2" time="7.903" errors="0" timestamp="2022-07-06T04:38:25 EDT" skipped="0">
  <testcase classname="hw15_selenium_methods.ClearMethod2" name="searchingProductTest" time="7.903"/>
  <system-out/>
</testsuite> <!-- hw15_selenium_methods.ClearMethod2 -->
