<?xml version="1.0" encoding="UTF-8"?>
<!-- Generated by org.testng.reporters.JUnitReportReporter -->
<testsuite hostname="DESKTOP-1UCDMIU" failures="0" tests="1" name="lec38_java_selenium_methods.D09_dropdown_selectByValue_method" time="3.253" errors="0" timestamp="2022-08-07T01:30:07 EDT" skipped="0">
  <testcase classname="lec38_java_selenium_methods.D09_dropdown_selectByValue_method" name="selectByIndexTest" time="3.253"/>
  <system-out/>
</testsuite> <!-- lec38_java_selenium_methods.D09_dropdown_selectByValue_method -->
