<?xml version="1.0" encoding="UTF-8"?>
<!-- Generated by org.testng.reporters.JUnitReportReporter -->
<testsuite hostname="DESKTOP-1UCDMIU" failures="0" tests="1" name="hw17_selenium_methods.UseOfSendKeysbyJavascriptExecutor" time="0.351" errors="0" timestamp="2022-08-27T18:47:13 EDT" skipped="0">
  <testcase classname="hw17_selenium_methods.UseOfSendKeysbyJavascriptExecutor" name="dealOfTheDayTest" time="0.351"/>
  <system-out/>
</testsuite> <!-- hw17_selenium_methods.UseOfSendKeysbyJavascriptExecutor -->
