<?xml version="1.0" encoding="UTF-8"?>
<!-- Generated by org.testng.reporters.JUnitReportReporter -->
<testsuite hostname="DESKTOP-1UCDMIU" failures="0" tests="1" name="seleniumMethods.SendKeyMethodPractice" time="25.474" errors="0" timestamp="2022-08-03T14:56:22 EDT" skipped="0">
  <testcase classname="seleniumMethods.SendKeyMethodPractice" name="userIdTest" time="25.474"/>
  <system-out/>
</testsuite> <!-- seleniumMethods.SendKeyMethodPractice -->
