<?xml version="1.0" encoding="UTF-8"?>
<!-- Generated by org.testng.reporters.JUnitReportReporter -->
<testsuite hostname="DESKTOP-1UCDMIU" failures="0" tests="1" name="hw16_selenium_methods.GetTitleMethods" time="0.020" errors="0" timestamp="2022-07-15T01:27:49 EDT" skipped="0">
  <testcase classname="hw16_selenium_methods.GetTitleMethods" name="titleOfThePagetest" time="0.020"/>
  <system-out/>
</testsuite> <!-- hw16_selenium_methods.GetTitleMethods -->
