<?xml version="1.0" encoding="UTF-8"?>
<!-- Generated by org.testng.reporters.JUnitReportReporter -->
<testsuite hostname="DESKTOP-1UCDMIU" failures="0" tests="1" name="hw14_selenium_methods.ClickMethodsForIdName" time="21.038" errors="0" timestamp="2022-06-30T03:02:13 EDT" skipped="0">
  <testcase classname="hw14_selenium_methods.ClickMethodsForIdName" name="signInButtontest" time="21.038"/>
  <system-out/>
</testsuite> <!-- hw14_selenium_methods.ClickMethodsForIdName -->
