<?xml version="1.0" encoding="UTF-8"?>
<!-- Generated by org.testng.reporters.JUnitReportReporter -->
<testsuite hostname="DESKTOP-1UCDMIU" failures="0" tests="1" name="hw15_selenium_methods.ClickMethodsForIdName" time="5.039" errors="0" timestamp="2022-07-06T02:27:46 EDT" skipped="0">
  <testcase classname="hw15_selenium_methods.ClickMethodsForIdName" name="signInButtontest" time="5.039"/>
  <system-out/>
</testsuite> <!-- hw15_selenium_methods.ClickMethodsForIdName -->
