<?xml version="1.0" encoding="UTF-8"?>
<!-- Generated by org.testng.reporters.JUnitReportReporter -->
<testsuite hostname="DESKTOP-1UCDMIU" failures="0" tests="1" name="hw15_selenium_methods.ClickMethodsForClassLinkText" time="5.148" errors="0" timestamp="2022-07-06T03:24:05 EDT" skipped="0">
  <testcase classname="hw15_selenium_methods.ClickMethodsForClassLinkText" name="currentPageUrlTest" time="5.148"/>
  <system-out/>
</testsuite> <!-- hw15_selenium_methods.ClickMethodsForClassLinkText -->
