<?xml version="1.0" encoding="UTF-8"?>
<!-- Generated by org.testng.reporters.JUnitReportReporter -->
<testsuite hostname="DESKTOP-1UCDMIU" failures="0" tests="1" name="hw16_selenium_methods.NavigateRefreshMethods" time="20.306" errors="0" timestamp="2022-07-13T22:24:07 EDT" skipped="0">
  <testcase classname="hw16_selenium_methods.NavigateRefreshMethods" name="navigationTest" time="20.306"/>
  <system-out/>
</testsuite> <!-- hw16_selenium_methods.NavigateRefreshMethods -->
