<?xml version="1.0" encoding="UTF-8"?>
<!-- Generated by org.testng.reporters.JUnitReportReporter -->
<testsuite hostname="DESKTOP-1UCDMIU" failures="0" tests="1" name="hw17_selenium_methods.UseOfClickAndSendKeysbyJavascriptExecutor" time="4.668" errors="0" timestamp="2022-08-27T19:13:54 EDT" skipped="0">
  <testcase classname="hw17_selenium_methods.UseOfClickAndSendKeysbyJavascriptExecutor" name="requestOfAppointmentTest" time="4.668"/>
  <system-out/>
</testsuite> <!-- hw17_selenium_methods.UseOfClickAndSendKeysbyJavascriptExecutor -->
