<?xml version="1.0" encoding="UTF-8"?>
<!-- Generated by org.testng.reporters.JUnitReportReporter -->
<testsuite hostname="DESKTOP-1UCDMIU" failures="0" tests="2" name="hw14_selenium_methods.ClickMethodsForClassLinkPartial" time="10.109" errors="0" timestamp="2022-06-30T02:49:07 EDT" skipped="0">
  <testcase classname="hw14_selenium_methods.ClickMethodsForClassLinkPartial" name="onlyCheckThisboxtest" time="5.174"/>
  <system-out/>
  <testcase classname="hw14_selenium_methods.ClickMethodsForClassLinkPartial" name="forgetPwTest01" time="4.935"/>
  <system-out/>
</testsuite> <!-- hw14_selenium_methods.ClickMethodsForClassLinkPartial -->
