<?xml version="1.0" encoding="UTF-8"?>
<!-- Generated by org.testng.reporters.JUnitReportReporter -->
<testsuite hostname="DESKTOP-1UCDMIU" failures="0" tests="7" name="lec27_java_selenium_methods.D06_use_of_manage_by_driver" time="1.321" errors="0" timestamp="2022-07-12T14:49:59 EDT" skipped="6">
  <testcase classname="lec27_java_selenium_methods.D06_use_of_manage_by_driver" name="deleteCookies" time="1.321"/>
  <system-out/>
  <testcase classname="lec27_java_selenium_methods.D06_use_of_manage_by_driver" name="maximizeWindowTest">
    <skipped/>
  </testcase> <!-- maximizeWindowTest -->
  <system-out/>
  <testcase classname="lec27_java_selenium_methods.D06_use_of_manage_by_driver" name="fullScreenWindowTest">
    <skipped/>
  </testcase> <!-- fullScreenWindowTest -->
  <system-out/>
  <testcase classname="lec27_java_selenium_methods.D06_use_of_manage_by_driver" name="pageLoadTimeoutForWindow">
    <skipped/>
  </testcase> <!-- pageLoadTimeoutForWindow -->
  <system-out/>
  <testcase classname="lec27_java_selenium_methods.D06_use_of_manage_by_driver" name="setScriptTimeoutForWindow">
    <skipped/>
  </testcase> <!-- setScriptTimeoutForWindow -->
  <system-out/>
  <testcase classname="lec27_java_selenium_methods.D06_use_of_manage_by_driver" name="sizeOfWindowTest">
    <skipped/>
  </testcase> <!-- sizeOfWindowTest -->
  <system-out/>
  <testcase classname="lec27_java_selenium_methods.D06_use_of_manage_by_driver" name="setASpecificSizeOfWindow">
    <skipped/>
  </testcase> <!-- setASpecificSizeOfWindow -->
  <system-out/>
</testsuite> <!-- lec27_java_selenium_methods.D06_use_of_manage_by_driver -->
