<?xml version="1.0" encoding="UTF-8"?>
<!-- Generated by org.testng.reporters.JUnitReportReporter -->
<testsuite hostname="DESKTOP-1UCDMIU" failures="0" tests="3" name="hw17_selenium_methods.UseOfAlerts" time="4.382" errors="0" timestamp="2022-08-27T19:49:09 EDT" skipped="0">
  <testcase classname="hw17_selenium_methods.UseOfAlerts" name="acceptTheAlertJSAlert" time="2.113"/>
  <system-out/>
  <testcase classname="hw17_selenium_methods.UseOfAlerts" name="acceptTheAlertJSConfirm" time="2.206"/>
  <system-out/>
  <testcase classname="hw17_selenium_methods.UseOfAlerts" name="dismissTheAlertJSConfirm" time="0.063"/>
  <system-out/>
</testsuite> <!-- hw17_selenium_methods.UseOfAlerts -->
