<?xml version="1.0" encoding="UTF-8"?>
<!-- Generated by org.testng.reporters.JUnitReportReporter -->
<testsuite hostname="DESKTOP-1UCDMIU" failures="0" tests="1" name="seleniumMethods.SendKeyMethodPractice" time="25.267" errors="0" timestamp="2022-07-06T21:04:42 EDT" skipped="0">
  <testcase classname="seleniumMethods.SendKeyMethodPractice" name="userIdTest" time="25.267"/>
  <system-out/>
</testsuite> <!-- seleniumMethods.SendKeyMethodPractice -->
