<?xml version="1.0" encoding="UTF-8"?>
<!-- Generated by org.testng.reporters.JUnitReportReporter -->
<testsuite hostname="DESKTOP-1UCDMIU" failures="0" tests="1" name="hw15_selenium_methods.GetTextMethods" time="1.035" errors="0" timestamp="2022-07-07T14:30:36 EDT" skipped="0">
  <testcase classname="hw15_selenium_methods.GetTextMethods" name="getTheTexttest" time="1.035"/>
  <system-out/>
</testsuite> <!-- hw15_selenium_methods.GetTextMethods -->
