<?xml version="1.0" encoding="UTF-8"?>
<!-- Generated by org.testng.reporters.JUnitReportReporter -->
<testsuite hostname="DESKTOP-1UCDMIU" failures="0" tests="2" name="hw16_selenium_methods.WebAlert" time="9.322" errors="0" timestamp="2022-07-22T18:58:35 EDT" skipped="0">
  <testcase classname="hw16_selenium_methods.WebAlert" name="acceptWebAlertTest" time="6.121"/>
  <system-out/>
  <testcase classname="hw16_selenium_methods.WebAlert" name="dismissWebAlertTest" time="3.201"/>
  <system-out/>
</testsuite> <!-- hw16_selenium_methods.WebAlert -->
