<?xml version="1.0" encoding="UTF-8"?>
<!-- Generated by org.testng.reporters.JUnitReportReporter -->
<testsuite hostname="DESKTOP-1UCDMIU" failures="0" tests="15" name="hw17_selenium_methods.UseOfWebDriverManager" time="20.312" errors="0" timestamp="2022-08-27T20:16:39 EDT" skipped="1">
  <testcase classname="hw17_selenium_methods.UseOfWebDriverManager" name="skipHomePageTitleTest" time="0.004"/>
  <system-out/>
  <testcase classname="hw17_selenium_methods.UseOfWebDriverManager" name="menuTest03" time="0.101"/>
  <system-out/>
  <testcase classname="hw17_selenium_methods.UseOfWebDriverManager" name="signInButtonTest02" time="20.024"/>
  <system-out/>
  <testcase classname="hw17_selenium_methods.UseOfWebDriverManager" name="menuTest01" time="0.019"/>
  <system-out/>
  <testcase classname="hw17_selenium_methods.UseOfWebDriverManager" name="menuTest01" time="0.010"/>
  <system-out/>
  <testcase classname="hw17_selenium_methods.UseOfWebDriverManager" name="menuTest01" time="0.020"/>
  <system-out/>
  <testcase classname="hw17_selenium_methods.UseOfWebDriverManager" name="menuTest01" time="0.013"/>
  <system-out/>
  <testcase classname="hw17_selenium_methods.UseOfWebDriverManager" name="menuTest01" time="0.013"/>
  <system-out/>
  <testcase classname="hw17_selenium_methods.UseOfWebDriverManager" name="menuTest01" time="0.019"/>
  <system-out/>
  <testcase classname="hw17_selenium_methods.UseOfWebDriverManager" name="menuTest01" time="0.013"/>
  <system-out/>
  <testcase classname="hw17_selenium_methods.UseOfWebDriverManager" name="menuTest01" time="0.021"/>
  <system-out/>
  <testcase classname="hw17_selenium_methods.UseOfWebDriverManager" name="menuTest01" time="0.018"/>
  <system-out/>
  <testcase classname="hw17_selenium_methods.UseOfWebDriverManager" name="menuTest01" time="0.022"/>
  <system-out/>
  <testcase classname="hw17_selenium_methods.UseOfWebDriverManager" name="menuTest02" time="0.015"/>
  <system-out/>
  <testcase classname="hw17_selenium_methods.UseOfWebDriverManager" name="signInTest">
    <skipped/>
  </testcase> <!-- signInTest -->
  <system-out/>
</testsuite> <!-- hw17_selenium_methods.UseOfWebDriverManager -->
