<?xml version="1.0" encoding="UTF-8"?>
<!-- Generated by org.testng.reporters.JUnitReportReporter -->
<testsuite hostname="DESKTOP-1UCDMIU" failures="0" tests="3" name="hw16_selenium_methods.DropDownTest" time="6.590" errors="0" timestamp="2022-07-15T00:52:27 EDT" skipped="0">
  <testcase classname="hw16_selenium_methods.DropDownTest" name="selectByIndexTest01" time="2.392"/>
  <system-out/>
  <testcase classname="hw16_selenium_methods.DropDownTest" name="selectByIndexTest02" time="2.119"/>
  <system-out/>
  <testcase classname="hw16_selenium_methods.DropDownTest" name="selectByIndexTest03" time="2.079"/>
  <system-out/>
</testsuite> <!-- hw16_selenium_methods.DropDownTest -->
