<?xml version="1.0" encoding="UTF-8"?>
<!-- Generated by org.testng.reporters.JUnitReportReporter -->
<testsuite hostname="DESKTOP-1UCDMIU" failures="0" tests="1" name="seleniumMethods.B_use_of_get_method" time="0.089" errors="0" timestamp="2022-06-27T02:18:36 EDT" skipped="0">
  <testcase classname="seleniumMethods.B_use_of_get_method" name="loginButtonTest" time="0.089"/>
  <system-out/>
</testsuite> <!-- seleniumMethods.B_use_of_get_method -->
