<?xml version="1.0" encoding="UTF-8"?>
<!-- Generated by org.testng.reporters.JUnitReportReporter -->
<testsuite hostname="DESKTOP-1UCDMIU" failures="0" tests="1" name="hw15_selenium_methods.IsDisplayedMethods" time="0.049" errors="0" timestamp="2022-07-06T02:09:12 EDT" skipped="0">
  <testcase classname="hw15_selenium_methods.IsDisplayedMethods" name="logoTest" time="0.049"/>
  <system-out/>
</testsuite> <!-- hw15_selenium_methods.IsDisplayedMethods -->
