<?xml version="1.0" encoding="UTF-8"?>
<!-- Generated by org.testng.reporters.JUnitReportReporter -->
<testsuite hostname="DESKTOP-1UCDMIU" failures="0" tests="1" name="hw15_selenium_methods.SendKeyMethod" time="15.273" errors="0" timestamp="2022-07-06T21:03:06 EDT" skipped="0">
  <testcase classname="hw15_selenium_methods.SendKeyMethod" name="userIdTest" time="15.273"/>
  <system-out/>
</testsuite> <!-- hw15_selenium_methods.SendKeyMethod -->
