<?xml version="1.0" encoding="UTF-8"?>
<!-- Generated by org.testng.reporters.JUnitReportReporter -->
<testsuite hostname="DESKTOP-1UCDMIU" failures="0" tests="1" name="hw16_selenium_methods.ClearMethod" time="17.381" errors="0" timestamp="2022-08-27T02:04:08 EDT" skipped="0">
  <testcase classname="hw16_selenium_methods.ClearMethod" name="searchingProductTest" time="17.381"/>
  <system-out/>
</testsuite> <!-- hw16_selenium_methods.ClearMethod -->
