<?xml version="1.0" encoding="UTF-8"?>
<!-- Generated by org.testng.reporters.JUnitReportReporter -->
<testsuite hostname="DESKTOP-1UCDMIU" failures="0" tests="1" name="hw14_selenium_methods.ClickMethodsForCssSelector" time="2.359" errors="0" timestamp="2022-06-30T02:45:47 EDT" skipped="0">
  <testcase classname="hw14_selenium_methods.ClickMethodsForCssSelector" name="signInTest" time="2.359"/>
  <system-out/>
</testsuite> <!-- hw14_selenium_methods.ClickMethodsForCssSelector -->
