<?xml version="1.0" encoding="UTF-8"?>
<!-- Generated by org.testng.reporters.JUnitReportReporter -->
<testsuite hostname="DESKTOP-1UCDMIU" failures="0" tests="1" name="hw16_selenium_methods.GetSizeMethods" time="10.213" errors="0" timestamp="2022-07-13T02:13:33 EDT" skipped="0">
  <testcase classname="hw16_selenium_methods.GetSizeMethods" name="SizeOfWindowTest" time="10.213"/>
  <system-out/>
</testsuite> <!-- hw16_selenium_methods.GetSizeMethods -->
