<?xml version="1.0" encoding="UTF-8"?>
<!-- Generated by org.testng.reporters.JUnitReportReporter -->
<testsuite hostname="DESKTOP-1UCDMIU" failures="0" tests="1" name="hw13_2_selenium_methods.TestNg01" time="20.036" errors="0" timestamp="2022-06-29T22:44:50 EDT" skipped="0">
  <testcase classname="hw13_2_selenium_methods.TestNg01" name="urlTest" time="20.036"/>
  <system-out/>
</testsuite> <!-- hw13_2_selenium_methods.TestNg01 -->
