<?xml version="1.0" encoding="UTF-8"?>
<!-- Generated by org.testng.reporters.JUnitReportReporter -->
<testsuite hostname="DESKTOP-1UCDMIU" failures="0" tests="1" name="hw14_selenium_methods.ClickMethods01" time="22.276" errors="0" timestamp="2022-06-29T22:38:08 EDT" skipped="0">
  <testcase classname="hw14_selenium_methods.ClickMethods01" name="signInButtontest" time="22.276"/>
  <system-out/>
</testsuite> <!-- hw14_selenium_methods.ClickMethods01 -->
